<00002,00013,00003,00000,00001,00000,00001>

[DeviceInfo00001]
BootReason = 0007
Firmware Version = V1.0.8.1be
Serial Number = 453024638
BootLoader Version = V1.0.1.8
Boot RTC ="2016/07/27,21:26:25"
Script Name = Script_ROC2025
Project Name = ROC2025
Device Type = IGU-16HR 3C 5Hz
Start Date = "2025/05/07"
Start Time = "00:00:00"
End Time = "00:00:00"
FIFO Storage MODE = 1
GPS Power Mode = CycleOff
Channel Number = 3
Channel 1 Type = 98
Channel 2 Type = 98
Channel 3 Type = 98
Channel 4 Type = 97
Sample Rate = 100
Channel 1 Gain = 0
Channel 2 Gain = 0
Channel 3 Gain = 0
Channel 4 Gain = 0
Anti-alias Filter Type = Linear
Low Cutter Filter = 1
Voltage Threshold = 650,600

Ch1 Resistance = 1.7708, 1.7745
Ch1 Resonate Freq = 285.9168
Ch1 Damping = 0.4368
Ch1 Sensitivity = 191.8438
Ch1 RMS Noise = 1.1413
Ch1 Spread Noise =  32.9860

Ch2 Resistance = 1.7671, 1.7790
Ch2 Resonate Freq = 134.4128
Ch2 Damping = 0.4128
Ch2 Sensitivity = 135.9262
Ch2 RMS Noise = 1.1638
Ch2 Spread Noise =  59.3517

Ch3 Resistance = 1.7668, 1.7760
Ch3 Resonate Freq = 140.1756
Ch3 Damping = 0.4683
Ch3 Sensitivity = 139.7727
Ch3 RMS Noise = 1.1723
Ch3 Spread Noise =  57.1631

SD Manufacturer ID = 0xad
SD OEM_Application ID = 0x4c53
SD Product Name = "46XLG"
SD Production Revision = 16
SD Production SN = 1481687174
SD Manufacture Date = 0x0156


[BatteryPowerOnStop]

[DeviceInfo00002]
BootReason = 0300
Firmware Version = V1.0.8.1be
Serial Number = 453024638
BootLoader Version = V1.0.1.8
Boot RTC ="2016/07/27,22:51:22"
Script Name = Script_ROC2025
Project Name = ROC2025
Device Type = IGU-16HR 3C 5Hz
Start Date = "2025/05/07"
Start Time = "00:00:00"
End Time = "00:00:00"
FIFO Storage MODE = 1
Existing DATA Segments = 0
Starting DATA Segment# = 0
GPS Power Mode = CycleOff
Channel Number = 3
Channel 1 Type = 98
Channel 2 Type = 98
Channel 3 Type = 98
Channel 4 Type = 97
Sample Rate = 100
Channel 1 Gain = 0
Channel 2 Gain = 0
Channel 3 Gain = 0
Channel 4 Gain = 0
Anti-alias Filter Type = Linear
Low Cutter Filter = 1
Voltage Threshold = 650,600

Ch1 Resistance = 1.7703, 1.7825
Ch1 Resonate Freq = 5.1161
Ch1 Damping = 0.6923
Ch1 Sensitivity = 76.9093
Ch1 RMS Noise = 1.1217
Ch1 Spread Noise =  27.2484

Ch2 Resistance = 1.7808, 1.7964
Ch2 Resonate Freq = 5.0277
Ch2 Damping = 0.6996
Ch2 Sensitivity = 77.3818
Ch2 RMS Noise = 1.1614
Ch2 Spread Noise =  53.2224

Ch3 Resistance = 1.7713, 1.7957
Ch3 Resonate Freq = 4.9443
Ch3 Damping = 0.7092
Ch3 Sensitivity = 76.2635
Ch3 RMS Noise = 1.1719
Ch3 Spread Noise =  74.9061

GPS Lock Time = "2025/05/07,15:44:38"
GPS Tick = 49
Satellite Number = 10
GPS Strength     = "47,46,46,45,45,45,45,44,44,43"
Satellite ID     = "17, 6,19,22,24,46,48,11,14,12"
Calendar Reference = 2025/05/07,15:44 <-> 2025/05/07,00:00
Wait Time to Work = 0(0x00000000)
Voltage = 8.3463
Free TF Memory = 60610
Sensor Type = TMPx75
Booting Temperature = 25.1875
Upper Resistance Limit = 1905, 1927.8
Lower Resistance Limit = 1640, 1659.6
Booting eCompass North =  10.615
Booting Tilted Angle =   1.114
Booting Roll Angle   = 0.598
Booting Pitch Angle  = -0.940
Geophone Test Passed = 1
Sync Delay =  64.2675
Sync Count = 1

[Notify00001]
UTC Time = "2025/05/07,15:44:36"
Start Acquisition FileName = "Seis000.DLD"

[GPS00001]
GPS Status = GPS Cycle Off
GPS Tick = 94
UTC Time = "2025/05/07,15:45:01"
DAC Value = 2090
ADC Sync Value = 2907,36
Phase Error = 1
Max Phase Error = 1

[GPS00002]
GPS Status = GPS Cycle On
GPS Tick = 306
UTC Time = "2025/05/07,15:50:18"

[GPS00003]
GPS Status = GPS Cycle Off
GPS Tick = 79
UTC Time = "2025/05/07,15:51:28"
DAC Value = 2099
ADC Sync Value = 2907,58
Phase Error = 49
Max Phase Error = 49

[GPS00004]
GPS Status = GPS Synchronization
UTC Time = "2025/05/07,15:52:29"
Leap Second = 0
eCompass North =  10.065
Tilted Angle =   1.085
Roll Angle   = 0.552
Pitch Angle  = -0.934
GPS Power = OFF
Latest Fix UTC Time = "2025/05/07,15:51:25"
Satellite Number = 11
GPS Strength     = "46,46,46,45,45,45,45,44,44,43,41"
Satellite ID     = " 6,17,19,12,24,46,48,11,22,14, 3"
Longitude = -96.758092333
Latitude   = 32.986912000
Altitude   = 208.5
RTC Time = "2025/05/07,15:52:33"

[Temperature00001]
UTC Time = "2025/05/07,15:54:32"
Temperature = 27.6875

[GPS00005]
GPS Status = GPS Cycle On
GPS Tick = 358
UTC Time = "2025/05/07,15:57:34"

[GPS00006]
GPS Status = GPS Cycle Off
GPS Tick = 64
UTC Time = "2025/05/07,15:58:36"
DAC Value = 2104
ADC Sync Value = 2907,73
Phase Error = 21
Max Phase Error = 49

[GPS00007]
GPS Status = GPS Synchronization
UTC Time = "2025/05/07,16:00:39"
Leap Second = 0
eCompass North =  10.266
Tilted Angle =   1.157
Roll Angle   = 0.551
Pitch Angle  = -1.017
GPS Power = OFF
Latest Fix UTC Time = "2025/05/07,15:58:28"
Satellite Number = 10
GPS Strength     = "47,46,45,45,44,44,41,41,40,39"
Satellite ID     = "19, 6,22,48,12,24,14,20,17, 3"
Longitude = -96.758092500
Latitude   = 32.986909833
Altitude   = 203.1
RTC Time = "2025/05/07,16:00:41"

[Temperature00002]
UTC Time = "2025/05/07,16:04:43"
Temperature = 28.1250

[GPS00008]
GPS Status = GPS Cycle On
GPS Tick = 480
UTC Time = "2025/05/07,16:06:33"

[GPS00009]
GPS Status = GPS Cycle Off
GPS Tick = 54
UTC Time = "2025/05/07,16:07:21"
DAC Value = 2102
ADC Sync Value = 2907,86
Phase Error = 35
Max Phase Error = 49

[GPS00010]
GPS Status = GPS Synchronization
UTC Time = "2025/05/07,16:08:46"
Leap Second = 0
eCompass North =  10.056
Tilted Angle =   1.033
Roll Angle   = 0.592
Pitch Angle  = -0.846
GPS Power = OFF
Latest Fix UTC Time = "2025/05/07,16:07:22"
Satellite Number = 10
GPS Strength     = "46,46,46,46,45,45,45,45,44,43"
Satellite ID     = "11,17,19,22, 6,12,24,48,46,20"
Longitude = -96.758092500
Latitude   = 32.986916000
Altitude   = 204.3
RTC Time = "2025/05/07,16:08:48"

[Battery00001]
UTC Time = "2025/05/07,16:14:29"
Voltage = 8.3470

[Temperature00003]
UTC Time = "2025/05/07,16:14:53"
Temperature = 28.3125

[GPS00011]
GPS Status = GPS Cycle On
GPS Tick = 480
UTC Time = "2025/05/07,16:15:29"

[GPS00012]
GPS Status = GPS Cycle Off
GPS Tick = 78
UTC Time = "2025/05/07,16:16:42"
DAC Value = 2100
ADC Sync Value = 2907,105
Phase Error = 9
Max Phase Error = 49

[GPS00013]
GPS Status = GPS Synchronization
UTC Time = "2025/05/07,16:16:54"
Leap Second = 0
eCompass North =  10.126
Tilted Angle =   1.013
Roll Angle   = 0.552
Pitch Angle  = -0.849
GPS Power = OFF
Latest Fix UTC Time = "2025/05/07,16:16:40"
Satellite Number = 10
GPS Strength     = "48,47,46,46,46,46,46,45,45,42"
Satellite ID     = "12,22, 6,11,17,19,24,46,48,14"
Longitude = -96.758098333
Latitude   = 32.986918500
Altitude   = 204.7
RTC Time = "2025/05/07,16:16:56"
